This file contains any messages produced by compilers while
running configure, to aid debugging if configure makes a mistake.

It was created by libmgplus configure 1.2.4, which was
generated by GNU Autoconf 2.68.  Invocation command line was

  $ ./configure --build=i686-linux --host=arm-linux --target=arm-linux --prefix=/usr/local/minigui/cross/arm/cortex-m3 --enable-static=yes --enable-shared=no build_alias=i686-linux host_alias=arm-linux target_alias=arm-linux CC=arm-uclinuxeabi-gcc CFLAGS=-I. -I/usr/local/minigui/cross/arm/cortex-m3/include -mcpu=cortex-m3 -mthumb LDFLAGS=-mcpu=cortex-m3 -mthumb -L/usr/local/minigui/cross/arm/cortex-m3/lib CXX=arm-uclinuxeabi-g++ CXXFLAGS=-I. -I/usr/local/minigui/cross/arm/cortex-m3/include -mcpu=cortex-m3 -mthumb CPP=arm-uclinuxeabi-cpp --no-create --no-recursion

## --------- ##
## Platform. ##
## --------- ##

hostname = hujiafu-virtual-machine
uname -m = x86_64
uname -r = 3.5.0-23-generic
uname -s = Linux
uname -v = #35~precise1-Ubuntu SMP Fri Jan 25 17:13:26 UTC 2013

/usr/bin/uname -p = unknown
/bin/uname -X     = unknown

/bin/arch              = unknown
/usr/bin/arch -k       = unknown
/usr/convex/getsysinfo = unknown
/usr/bin/hostinfo      = unknown
/bin/machine           = unknown
/usr/bin/oslevel       = unknown
/bin/universe          = unknown

PATH: /usr/local/sbin
PATH: /usr/local/bin
PATH: /usr/sbin
PATH: /usr/bin
PATH: /sbin
PATH: /bin
PATH: /usr/games
PATH: /usr/local/arm/arm-2009q3/bin
PATH: /home/hujiafu/uclinux/git_uclinux/lpc1788_uclinux/cortexm_uclinux-master/cross_tools/arm-2010q1-uclinux/bin
PATH: /usr/local/bin


## ----------- ##
## Core tests. ##
## ----------- ##

configure:2527: checking build system type
configure:2541: result: i686-pc-linux-gnu
configure:2561: checking host system type
configure:2574: result: arm-unknown-linux-gnu
configure:2594: checking target system type
configure:2607: result: arm-unknown-linux-gnu
configure:2670: checking for arm-linux-gcc
configure:2697: result: arm-uclinuxeabi-gcc
configure:2966: checking for C compiler version
configure:2975: arm-uclinuxeabi-gcc --version >&5
arm-uclinuxeabi-gcc (Sourcery G++ Lite 2010q1-189) 4.4.1
Copyright (C) 2009 Free Software Foundation, Inc.
This is free software; see the source for copying conditions.  There is NO
warranty; not even for MERCHANTABILITY or FITNESS FOR A PARTICULAR PURPOSE.

configure:2986: $? = 0
configure:2975: arm-uclinuxeabi-gcc -v >&5
Using built-in specs.
Target: arm-uclinuxeabi
Configured with: /scratch/julian/2010q1-release-uclinux-lite/src/gcc-4.4-2010q1/configure --build=i686-pc-linux-gnu --host=i686-pc-linux-gnu --target=arm-uclinuxeabi --enable-threads --disable-libmudflap --disable-libssp --disable-libstdcxx-pch --enable-extra-sgxxlite-multilibs --with-gnu-as --with-gnu-ld --with-specs='%{O2:%{!fno-remove-local-statics: -fremove-local-statics}} %{O*:%{O|O0|O1|O2|Os:;:%{!fno-remove-local-statics: -fremove-local-statics}}}' --enable-languages=c,c++ --disable-shared --disable-lto --with-pkgversion='Sourcery G++ Lite 2010q1-189' --with-bugurl=https://support.codesourcery.com/GNUToolchain/ --disable-nls --prefix=/opt/codesourcery --with-sysroot=/opt/codesourcery/arm-uclinuxeabi/libc --with-build-sysroot=/scratch/julian/2010q1-release-uclinux-lite/install/arm-uclinuxeabi/libc --with-gmp=/scratch/julian/2010q1-release-uclinux-lite/obj/host-libs-2010q1-189-arm-uclinuxeabi-i686-pc-linux-gnu/usr --with-mpfr=/scratch/julian/2010q1-release-uclinux-lite/obj/host-libs-2010q1-189-arm-uclinuxeabi-i686-pc-linux-gnu/usr --with-ppl=/scratch/julian/2010q1-release-uclinux-lite/obj/host-libs-2010q1-189-arm-uclinuxeabi-i686-pc-linux-gnu/usr --with-host-libstdcxx='-static-libgcc -Wl,-Bstatic,-lstdc++,-Bdynamic -lm' --with-cloog=/scratch/julian/2010q1-release-uclinux-lite/obj/host-libs-2010q1-189-arm-uclinuxeabi-i686-pc-linux-gnu/usr --disable-libgomp --enable-poison-system-directories --with-build-time-tools=/scratch/julian/2010q1-release-uclinux-lite/install/arm-uclinuxeabi/bin --with-build-time-tools=/scratch/julian/2010q1-release-uclinux-lite/install/arm-uclinuxeabi/bin
Thread model: single
gcc version 4.4.1 (Sourcery G++ Lite 2010q1-189) 
configure:2986: $? = 0
configure:2975: arm-uclinuxeabi-gcc -V >&5
arm-uclinuxeabi-gcc: '-V' option must have argument
configure:2986: $? = 1
configure:2975: arm-uclinuxeabi-gcc -qversion >&5
arm-uclinuxeabi-gcc: unrecognized option '-qversion'
arm-uclinuxeabi-gcc: no input files
configure:2986: $? = 1
configure:3006: checking whether the C compiler works
configure:3028: arm-uclinuxeabi-gcc -I. -I/usr/local/minigui/cross/arm/cortex-m3/include -mcpu=cortex-m3 -mthumb  -mcpu=cortex-m3 -mthumb -L/usr/local/minigui/cross/arm/cortex-m3/lib conftest.c  >&5
configure:3032: $? = 0
configure:3080: result: yes
configure:3083: checking for C compiler default output file name
configure:3085: result: a.out
configure:3091: checking for suffix of executables
configure:3098: arm-uclinuxeabi-gcc -o conftest -I. -I/usr/local/minigui/cross/arm/cortex-m3/include -mcpu=cortex-m3 -mthumb  -mcpu=cortex-m3 -mthumb -L/usr/local/minigui/cross/arm/cortex-m3/lib conftest.c  >&5
configure:3102: $? = 0
configure:3124: result: 
configure:3146: checking whether we are cross compiling
configure:3184: result: yes
configure:3189: checking for suffix of object files
configure:3211: arm-uclinuxeabi-gcc -c -I. -I/usr/local/minigui/cross/arm/cortex-m3/include -mcpu=cortex-m3 -mthumb  conftest.c >&5
configure:3215: $? = 0
configure:3236: result: o
configure:3240: checking whether we are using the GNU C compiler
configure:3259: arm-uclinuxeabi-gcc -c -I. -I/usr/local/minigui/cross/arm/cortex-m3/include -mcpu=cortex-m3 -mthumb  conftest.c >&5
configure:3259: $? = 0
configure:3268: result: yes
configure:3277: checking whether arm-uclinuxeabi-gcc accepts -g
configure:3297: arm-uclinuxeabi-gcc -c -g  conftest.c >&5
configure:3297: $? = 0
configure:3338: result: yes
configure:3355: checking for arm-uclinuxeabi-gcc option to accept ISO C89
configure:3419: arm-uclinuxeabi-gcc  -c -I. -I/usr/local/minigui/cross/arm/cortex-m3/include -mcpu=cortex-m3 -mthumb  conftest.c >&5
configure:3419: $? = 0
configure:3432: result: none needed
configure:3564: checking for C++ compiler version
configure:3573: arm-uclinuxeabi-g++ --version >&5
arm-uclinuxeabi-g++ (Sourcery G++ Lite 2010q1-189) 4.4.1
Copyright (C) 2009 Free Software Foundation, Inc.
This is free software; see the source for copying conditions.  There is NO
warranty; not even for MERCHANTABILITY or FITNESS FOR A PARTICULAR PURPOSE.

configure:3584: $? = 0
configure:3573: arm-uclinuxeabi-g++ -v >&5
Using built-in specs.
Target: arm-uclinuxeabi
Configured with: /scratch/julian/2010q1-release-uclinux-lite/src/gcc-4.4-2010q1/configure --build=i686-pc-linux-gnu --host=i686-pc-linux-gnu --target=arm-uclinuxeabi --enable-threads --disable-libmudflap --disable-libssp --disable-libstdcxx-pch --enable-extra-sgxxlite-multilibs --with-gnu-as --with-gnu-ld --with-specs='%{O2:%{!fno-remove-local-statics: -fremove-local-statics}} %{O*:%{O|O0|O1|O2|Os:;:%{!fno-remove-local-statics: -fremove-local-statics}}}' --enable-languages=c,c++ --disable-shared --disable-lto --with-pkgversion='Sourcery G++ Lite 2010q1-189' --with-bugurl=https://support.codesourcery.com/GNUToolchain/ --disable-nls --prefix=/opt/codesourcery --with-sysroot=/opt/codesourcery/arm-uclinuxeabi/libc --with-build-sysroot=/scratch/julian/2010q1-release-uclinux-lite/install/arm-uclinuxeabi/libc --with-gmp=/scratch/julian/2010q1-release-uclinux-lite/obj/host-libs-2010q1-189-arm-uclinuxeabi-i686-pc-linux-gnu/usr --with-mpfr=/scratch/julian/2010q1-release-uclinux-lite/obj/host-libs-2010q1-189-arm-uclinuxeabi-i686-pc-linux-gnu/usr --with-ppl=/scratch/julian/2010q1-release-uclinux-lite/obj/host-libs-2010q1-189-arm-uclinuxeabi-i686-pc-linux-gnu/usr --with-host-libstdcxx='-static-libgcc -Wl,-Bstatic,-lstdc++,-Bdynamic -lm' --with-cloog=/scratch/julian/2010q1-release-uclinux-lite/obj/host-libs-2010q1-189-arm-uclinuxeabi-i686-pc-linux-gnu/usr --disable-libgomp --enable-poison-system-directories --with-build-time-tools=/scratch/julian/2010q1-release-uclinux-lite/install/arm-uclinuxeabi/bin --with-build-time-tools=/scratch/julian/2010q1-release-uclinux-lite/install/arm-uclinuxeabi/bin
Thread model: single
gcc version 4.4.1 (Sourcery G++ Lite 2010q1-189) 
configure:3584: $? = 0
configure:3573: arm-uclinuxeabi-g++ -V >&5
arm-uclinuxeabi-g++: '-V' option must have argument
configure:3584: $? = 1
configure:3573: arm-uclinuxeabi-g++ -qversion >&5
arm-uclinuxeabi-g++: unrecognized option '-qversion'
arm-uclinuxeabi-g++: no input files
configure:3584: $? = 1
configure:3588: checking whether we are using the GNU C++ compiler
configure:3607: arm-uclinuxeabi-g++ -c -I. -I/usr/local/minigui/cross/arm/cortex-m3/include -mcpu=cortex-m3 -mthumb  conftest.cpp >&5
configure:3607: $? = 0
configure:3616: result: yes
configure:3625: checking whether arm-uclinuxeabi-g++ accepts -g
configure:3645: arm-uclinuxeabi-g++ -c -g  conftest.cpp >&5
configure:3645: $? = 0
configure:3686: result: yes
configure:3731: checking for ld used by GCC
configure:3794: result: /home/hujiafu/uclinux/git_uclinux/lpc1788_uclinux/cortexm_uclinux-master/cross_tools/arm-2010q1-uclinux/arm-uclinuxeabi/bin/ld
configure:3801: checking if the linker (/home/hujiafu/uclinux/git_uclinux/lpc1788_uclinux/cortexm_uclinux-master/cross_tools/arm-2010q1-uclinux/arm-uclinuxeabi/bin/ld) is GNU ld
GNU ld (Sourcery G++ Lite 2010q1-189) 2.19.51.20090709
configure:3813: result: yes
configure:3821: checking for arm-linux-ranlib
configure:3851: result: no
configure:3861: checking for ranlib
configure:3877: found /usr/bin/ranlib
configure:3888: result: ranlib
configure:3900: WARNING: using cross tools not prefixed with host triplet
configure:3976: checking for /home/hujiafu/uclinux/git_uclinux/lpc1788_uclinux/cortexm_uclinux-master/cross_tools/arm-2010q1-uclinux/arm-uclinuxeabi/bin/ld option to reload object files
configure:3983: result: -r
configure:3988: checking for BSD-compatible nm
configure:4024: result: nm
configure:4027: checking for a sed that does not truncate output
configure:4109: result: /bin/sed
configure:4112: checking whether ln -s works
configure:4116: result: yes
configure:4123: checking how to recognise dependent libraries
configure:4304: result: file_magic ELF [0-9][0-9]*-bit [LM]SB (shared object|dynamic lib )
configure:4317: checking command to parse nm output
configure:4401: arm-uclinuxeabi-gcc -c -I. -I/usr/local/minigui/cross/arm/cortex-m3/include -mcpu=cortex-m3 -mthumb  conftest.c >&5
configure:4404: $? = 0
configure:4408: nm conftest.o \| sed -n -e 's/^.*[ 	]\([ABCDGISTW][ABCDGISTW]*\)[ 	][ 	]*\(\)\([_A-Za-z][_A-Za-z0-9]*\)$/\1 \2\3 \3/p' \> conftest.nm
configure:4411: $? = 0
configure:4463: arm-uclinuxeabi-gcc -o conftest -I. -I/usr/local/minigui/cross/arm/cortex-m3/include -mcpu=cortex-m3 -mthumb  -mcpu=cortex-m3 -mthumb -L/usr/local/minigui/cross/arm/cortex-m3/lib conftest.c conftstm.o >&5
configure:4466: $? = 0
configure:4510: result: ok
configure:4519: checking how to run the C preprocessor
configure:4589: result: arm-uclinuxeabi-cpp
configure:4609: arm-uclinuxeabi-cpp  conftest.c
configure:4609: $? = 0
configure:4623: arm-uclinuxeabi-cpp  conftest.c
conftest.c:14: fatal error: ac_nonexistent.h: No such file or directory
compilation terminated.
configure:4623: $? = 1
configure: failed program was:
| /* confdefs.h */
| #define PACKAGE_NAME "libmgplus"
| #define PACKAGE_TARNAME "libmgplus"
| #define PACKAGE_VERSION "1.2.4"
| #define PACKAGE_STRING "libmgplus 1.2.4"
| #define PACKAGE_BUGREPORT ""
| #define PACKAGE_URL ""
| #define MGPLUS_MAJOR_VERSION 1
| #define MGPLUS_MINOR_VERSION 2
| #define MGPLUS_MICRO_VERSION 4
| #define MGPLUS_INTERFACE_AGE 0
| #define MGPLUS_BINARY_AGE 0
| /* end confdefs.h.  */
| #include <ac_nonexistent.h>
configure:4652: checking for grep that handles long lines and -e
configure:4710: result: /bin/grep
configure:4715: checking for egrep
configure:4777: result: /bin/grep -E
configure:4782: checking for ANSI C header files
configure:4802: arm-uclinuxeabi-gcc -c -I. -I/usr/local/minigui/cross/arm/cortex-m3/include -mcpu=cortex-m3 -mthumb  conftest.c >&5
configure:4802: $? = 0
configure:4886: result: yes
configure:4899: checking for sys/types.h
configure:4899: arm-uclinuxeabi-gcc -c -I. -I/usr/local/minigui/cross/arm/cortex-m3/include -mcpu=cortex-m3 -mthumb  conftest.c >&5
configure:4899: $? = 0
configure:4899: result: yes
configure:4899: checking for sys/stat.h
configure:4899: arm-uclinuxeabi-gcc -c -I. -I/usr/local/minigui/cross/arm/cortex-m3/include -mcpu=cortex-m3 -mthumb  conftest.c >&5
configure:4899: $? = 0
configure:4899: result: yes
configure:4899: checking for stdlib.h
configure:4899: arm-uclinuxeabi-gcc -c -I. -I/usr/local/minigui/cross/arm/cortex-m3/include -mcpu=cortex-m3 -mthumb  conftest.c >&5
configure:4899: $? = 0
configure:4899: result: yes
configure:4899: checking for string.h
configure:4899: arm-uclinuxeabi-gcc -c -I. -I/usr/local/minigui/cross/arm/cortex-m3/include -mcpu=cortex-m3 -mthumb  conftest.c >&5
configure:4899: $? = 0
configure:4899: result: yes
configure:4899: checking for memory.h
configure:4899: arm-uclinuxeabi-gcc -c -I. -I/usr/local/minigui/cross/arm/cortex-m3/include -mcpu=cortex-m3 -mthumb  conftest.c >&5
configure:4899: $? = 0
configure:4899: result: yes
configure:4899: checking for strings.h
configure:4899: arm-uclinuxeabi-gcc -c -I. -I/usr/local/minigui/cross/arm/cortex-m3/include -mcpu=cortex-m3 -mthumb  conftest.c >&5
configure:4899: $? = 0
configure:4899: result: yes
configure:4899: checking for inttypes.h
configure:4899: arm-uclinuxeabi-gcc -c -I. -I/usr/local/minigui/cross/arm/cortex-m3/include -mcpu=cortex-m3 -mthumb  conftest.c >&5
configure:4899: $? = 0
configure:4899: result: yes
configure:4899: checking for stdint.h
configure:4899: arm-uclinuxeabi-gcc -c -I. -I/usr/local/minigui/cross/arm/cortex-m3/include -mcpu=cortex-m3 -mthumb  conftest.c >&5
configure:4899: $? = 0
configure:4899: result: yes
configure:4899: checking for unistd.h
configure:4899: arm-uclinuxeabi-gcc -c -I. -I/usr/local/minigui/cross/arm/cortex-m3/include -mcpu=cortex-m3 -mthumb  conftest.c >&5
configure:4899: $? = 0
configure:4899: result: yes
configure:4913: checking dlfcn.h usability
configure:4913: arm-uclinuxeabi-gcc -c -I. -I/usr/local/minigui/cross/arm/cortex-m3/include -mcpu=cortex-m3 -mthumb  conftest.c >&5
conftest.c:57: fatal error: dlfcn.h: No such file or directory
compilation terminated.
configure:4913: $? = 1
configure: failed program was:
| /* confdefs.h */
| #define PACKAGE_NAME "libmgplus"
| #define PACKAGE_TARNAME "libmgplus"
| #define PACKAGE_VERSION "1.2.4"
| #define PACKAGE_STRING "libmgplus 1.2.4"
| #define PACKAGE_BUGREPORT ""
| #define PACKAGE_URL ""
| #define MGPLUS_MAJOR_VERSION 1
| #define MGPLUS_MINOR_VERSION 2
| #define MGPLUS_MICRO_VERSION 4
| #define MGPLUS_INTERFACE_AGE 0
| #define MGPLUS_BINARY_AGE 0
| #define STDC_HEADERS 1
| #define HAVE_SYS_TYPES_H 1
| #define HAVE_SYS_STAT_H 1
| #define HAVE_STDLIB_H 1
| #define HAVE_STRING_H 1
| #define HAVE_MEMORY_H 1
| #define HAVE_STRINGS_H 1
| #define HAVE_INTTYPES_H 1
| #define HAVE_STDINT_H 1
| #define HAVE_UNISTD_H 1
| /* end confdefs.h.  */
| #include <stdio.h>
| #ifdef HAVE_SYS_TYPES_H
| # include <sys/types.h>
| #endif
| #ifdef HAVE_SYS_STAT_H
| # include <sys/stat.h>
| #endif
| #ifdef STDC_HEADERS
| # include <stdlib.h>
| # include <stddef.h>
| #else
| # ifdef HAVE_STDLIB_H
| #  include <stdlib.h>
| # endif
| #endif
| #ifdef HAVE_STRING_H
| # if !defined STDC_HEADERS && defined HAVE_MEMORY_H
| #  include <memory.h>
| # endif
| # include <string.h>
| #endif
| #ifdef HAVE_STRINGS_H
| # include <strings.h>
| #endif
| #ifdef HAVE_INTTYPES_H
| # include <inttypes.h>
| #endif
| #ifdef HAVE_STDINT_H
| # include <stdint.h>
| #endif
| #ifdef HAVE_UNISTD_H
| # include <unistd.h>
| #endif
| #include <dlfcn.h>
configure:4913: result: no
configure:4913: checking dlfcn.h presence
configure:4913: arm-uclinuxeabi-cpp  conftest.c
conftest.c:24: fatal error: dlfcn.h: No such file or directory
compilation terminated.
configure:4913: $? = 1
configure: failed program was:
| /* confdefs.h */
| #define PACKAGE_NAME "libmgplus"
| #define PACKAGE_TARNAME "libmgplus"
| #define PACKAGE_VERSION "1.2.4"
| #define PACKAGE_STRING "libmgplus 1.2.4"
| #define PACKAGE_BUGREPORT ""
| #define PACKAGE_URL ""
| #define MGPLUS_MAJOR_VERSION 1
| #define MGPLUS_MINOR_VERSION 2
| #define MGPLUS_MICRO_VERSION 4
| #define MGPLUS_INTERFACE_AGE 0
| #define MGPLUS_BINARY_AGE 0
| #define STDC_HEADERS 1
| #define HAVE_SYS_TYPES_H 1
| #define HAVE_SYS_STAT_H 1
| #define HAVE_STDLIB_H 1
| #define HAVE_STRING_H 1
| #define HAVE_MEMORY_H 1
| #define HAVE_STRINGS_H 1
| #define HAVE_INTTYPES_H 1
| #define HAVE_STDINT_H 1
| #define HAVE_UNISTD_H 1
| /* end confdefs.h.  */
| #include <dlfcn.h>
configure:4913: result: no
configure:4913: checking for dlfcn.h
configure:4913: result: no
configure:4932: checking for arm-linux-file
configure:4990: result: no
configure:4996: checking for file
configure:5051: result: /usr/bin/file
configure:5070: checking for arm-linux-ranlib
configure:5097: result: ranlib
configure:5162: checking for arm-linux-strip
configure:5192: result: no
configure:5202: checking for strip
configure:5218: found /usr/bin/strip
configure:5229: result: strip
configure:5432: checking for objdir
configure:5443: result: .libs
configure:5464: checking for arm-uclinuxeabi-gcc option to produce PIC
configure:5610: result: -fPIC
configure:5614: checking if arm-uclinuxeabi-gcc PIC flag -fPIC works
configure:5632: arm-uclinuxeabi-gcc -c -I. -I/usr/local/minigui/cross/arm/cortex-m3/include -mcpu=cortex-m3 -mthumb -fPIC -DPIC  conftest.c >&5
configure:5632: $? = 0
configure:5666: result: yes
configure:5686: checking if arm-uclinuxeabi-gcc static flag -static works
configure:5705: arm-uclinuxeabi-gcc -o conftest -I. -I/usr/local/minigui/cross/arm/cortex-m3/include -mcpu=cortex-m3 -mthumb  -mcpu=cortex-m3 -mthumb -L/usr/local/minigui/cross/arm/cortex-m3/lib -static conftest.c  >&5
configure:5705: $? = 0
configure:5717: result: yes
configure:5733: checking if arm-uclinuxeabi-gcc supports -c -o file.o
configure:5753: arm-uclinuxeabi-gcc -c -I. -I/usr/local/minigui/cross/arm/cortex-m3/include -mcpu=cortex-m3 -mthumb -o out/conftest2.o  conftest.c >&5
configure:5777: result: yes
configure:5782: checking if arm-uclinuxeabi-gcc supports -c -o file.lo
configure:5804: arm-uclinuxeabi-gcc -c -I. -I/usr/local/minigui/cross/arm/cortex-m3/include -mcpu=cortex-m3 -mthumb -c -o conftest.lo  conftest.c >&5
configure:5804: $? = 0
configure:5821: result: yes
configure:5860: checking if arm-uclinuxeabi-gcc supports -fno-rtti -fno-exceptions
configure:5877: arm-uclinuxeabi-gcc -c -I. -I/usr/local/minigui/cross/arm/cortex-m3/include -mcpu=cortex-m3 -mthumb -fno-rtti -fno-exceptions -c conftest.c  conftest.c >&5
cc1: warning: command line option "-fno-rtti" is valid for C++/ObjC++ but not for C
cc1: warning: command line option "-fno-rtti" is valid for C++/ObjC++ but not for C
configure:5877: $? = 0
configure:5889: result: no
configure:5904: checking whether the linker (/home/hujiafu/uclinux/git_uclinux/lpc1788_uclinux/cortexm_uclinux-master/cross_tools/arm-2010q1-uclinux/arm-uclinuxeabi/bin/ld) supports shared libraries
configure:6599: result: yes
configure:6608: checking how to hardcode library paths into programs
configure:6632: result: immediate
configure:6641: checking whether stripping libraries is possible
configure:6646: result: yes
configure:6661: checking dynamic linker characteristics
configure:7092: result: GNU/Linux ld.so
configure:7101: checking if libtool supports shared libraries
configure:7103: result: yes
configure:7110: checking whether to build shared libraries
configure:7131: result: no
configure:7138: checking whether to build static libraries
configure:7142: result: yes
configure:8240: checking for a BSD-compatible install
configure:8308: result: /usr/bin/install -c
configure:8319: checking whether ln -s works
configure:8323: result: yes
configure:8330: checking whether make sets $(MAKE)
configure:8352: result: yes
configure:8364: checking whether build environment is sane
configure:8414: result: yes
configure:8463: checking for arm-linux-strip
configure:8490: result: strip
configure:8555: checking for a thread-safe mkdir -p
configure:8594: result: /bin/mkdir -p
configure:8607: checking for gawk
configure:8623: found /usr/bin/gawk
configure:8634: result: gawk
configure:8666: checking for style of include used by make
configure:8694: result: GNU
configure:8771: checking dependency style of arm-uclinuxeabi-gcc
configure:8882: result: gcc3
configure:8899: checking dependency style of arm-uclinuxeabi-g++
configure:9010: result: gcc3
configure:9033: checking for dirent.h that defines DIR
configure:9052: arm-uclinuxeabi-gcc -c -I. -I/usr/local/minigui/cross/arm/cortex-m3/include -mcpu=cortex-m3 -mthumb  conftest.c >&5
configure:9052: $? = 0
configure:9060: result: yes
configure:9073: checking for library containing opendir
configure:9104: arm-uclinuxeabi-gcc -o conftest -I. -I/usr/local/minigui/cross/arm/cortex-m3/include -mcpu=cortex-m3 -mthumb  -mcpu=cortex-m3 -mthumb -L/usr/local/minigui/cross/arm/cortex-m3/lib conftest.c  >&5
configure:9104: $? = 0
configure:9121: result: none required
configure:9188: checking for ANSI C header files
configure:9292: result: yes
configure:9300: checking for sys/wait.h that is POSIX.1 compatible
configure:9326: arm-uclinuxeabi-gcc -c -I. -I/usr/local/minigui/cross/arm/cortex-m3/include -mcpu=cortex-m3 -mthumb  conftest.c >&5
configure:9326: $? = 0
configure:9333: result: yes
configure:9344: checking fcntl.h usability
configure:9344: arm-uclinuxeabi-gcc -c -I. -I/usr/local/minigui/cross/arm/cortex-m3/include -mcpu=cortex-m3 -mthumb  conftest.c >&5
configure:9344: $? = 0
configure:9344: result: yes
configure:9344: checking fcntl.h presence
configure:9344: arm-uclinuxeabi-cpp  conftest.c
configure:9344: $? = 0
configure:9344: result: yes
configure:9344: checking for fcntl.h
configure:9344: result: yes
configure:9344: checking for stdlib.h
configure:9344: result: yes
configure:9344: checking for string.h
configure:9344: result: yes
configure:9344: checking sys/ioctl.h usability
configure:9344: arm-uclinuxeabi-gcc -c -I. -I/usr/local/minigui/cross/arm/cortex-m3/include -mcpu=cortex-m3 -mthumb  conftest.c >&5
configure:9344: $? = 0
configure:9344: result: yes
configure:9344: checking sys/ioctl.h presence
configure:9344: arm-uclinuxeabi-cpp  conftest.c
configure:9344: $? = 0
configure:9344: result: yes
configure:9344: checking for sys/ioctl.h
configure:9344: result: yes
configure:9344: checking sys/time.h usability
configure:9344: arm-uclinuxeabi-gcc -c -I. -I/usr/local/minigui/cross/arm/cortex-m3/include -mcpu=cortex-m3 -mthumb  conftest.c >&5
configure:9344: $? = 0
configure:9344: result: yes
configure:9344: checking sys/time.h presence
configure:9344: arm-uclinuxeabi-cpp  conftest.c
configure:9344: $? = 0
configure:9344: result: yes
configure:9344: checking for sys/time.h
configure:9344: result: yes
configure:9344: checking termio.h usability
configure:9344: arm-uclinuxeabi-gcc -c -I. -I/usr/local/minigui/cross/arm/cortex-m3/include -mcpu=cortex-m3 -mthumb  conftest.c >&5
configure:9344: $? = 0
configure:9344: result: yes
configure:9344: checking termio.h presence
configure:9344: arm-uclinuxeabi-cpp  conftest.c
configure:9344: $? = 0
configure:9344: result: yes
configure:9344: checking for termio.h
configure:9344: result: yes
configure:9344: checking termios.h usability
configure:9344: arm-uclinuxeabi-gcc -c -I. -I/usr/local/minigui/cross/arm/cortex-m3/include -mcpu=cortex-m3 -mthumb  conftest.c >&5
configure:9344: $? = 0
configure:9344: result: yes
configure:9344: checking termios.h presence
configure:9344: arm-uclinuxeabi-cpp  conftest.c
configure:9344: $? = 0
configure:9344: result: yes
configure:9344: checking for termios.h
configure:9344: result: yes
configure:9344: checking for unistd.h
configure:9344: result: yes
configure:9356: checking for stdbool.h that conforms to C99
configure:9423: arm-uclinuxeabi-gcc -c -I. -I/usr/local/minigui/cross/arm/cortex-m3/include -mcpu=cortex-m3 -mthumb  conftest.c >&5
configure:9423: $? = 0
configure:9430: result: yes
configure:9432: checking for _Bool
configure:9432: arm-uclinuxeabi-gcc -c -I. -I/usr/local/minigui/cross/arm/cortex-m3/include -mcpu=cortex-m3 -mthumb  conftest.c >&5
configure:9432: $? = 0
configure:9432: arm-uclinuxeabi-gcc -c -I. -I/usr/local/minigui/cross/arm/cortex-m3/include -mcpu=cortex-m3 -mthumb  conftest.c >&5
conftest.c: In function 'main':
conftest.c:71: error: expected expression before ')' token
configure:9432: $? = 1
configure: failed program was:
| /* confdefs.h */
| #define PACKAGE_NAME "libmgplus"
| #define PACKAGE_TARNAME "libmgplus"
| #define PACKAGE_VERSION "1.2.4"
| #define PACKAGE_STRING "libmgplus 1.2.4"
| #define PACKAGE_BUGREPORT ""
| #define PACKAGE_URL ""
| #define MGPLUS_MAJOR_VERSION 1
| #define MGPLUS_MINOR_VERSION 2
| #define MGPLUS_MICRO_VERSION 4
| #define MGPLUS_INTERFACE_AGE 0
| #define MGPLUS_BINARY_AGE 0
| #define STDC_HEADERS 1
| #define HAVE_SYS_TYPES_H 1
| #define HAVE_SYS_STAT_H 1
| #define HAVE_STDLIB_H 1
| #define HAVE_STRING_H 1
| #define HAVE_MEMORY_H 1
| #define HAVE_STRINGS_H 1
| #define HAVE_INTTYPES_H 1
| #define HAVE_STDINT_H 1
| #define HAVE_UNISTD_H 1
| #define HAVE_DIRENT_H 1
| #define STDC_HEADERS 1
| #define HAVE_SYS_WAIT_H 1
| #define HAVE_FCNTL_H 1
| #define HAVE_STDLIB_H 1
| #define HAVE_STRING_H 1
| #define HAVE_SYS_IOCTL_H 1
| #define HAVE_SYS_TIME_H 1
| #define HAVE_TERMIO_H 1
| #define HAVE_TERMIOS_H 1
| #define HAVE_UNISTD_H 1
| /* end confdefs.h.  */
| #include <stdio.h>
| #ifdef HAVE_SYS_TYPES_H
| # include <sys/types.h>
| #endif
| #ifdef HAVE_SYS_STAT_H
| # include <sys/stat.h>
| #endif
| #ifdef STDC_HEADERS
| # include <stdlib.h>
| # include <stddef.h>
| #else
| # ifdef HAVE_STDLIB_H
| #  include <stdlib.h>
| # endif
| #endif
| #ifdef HAVE_STRING_H
| # if !defined STDC_HEADERS && defined HAVE_MEMORY_H
| #  include <memory.h>
| # endif
| # include <string.h>
| #endif
| #ifdef HAVE_STRINGS_H
| # include <strings.h>
| #endif
| #ifdef HAVE_INTTYPES_H
| # include <inttypes.h>
| #endif
| #ifdef HAVE_STDINT_H
| # include <stdint.h>
| #endif
| #ifdef HAVE_UNISTD_H
| # include <unistd.h>
| #endif
| int
| main ()
| {
| if (sizeof ((_Bool)))
| 	    return 0;
|   ;
|   return 0;
| }
configure:9432: result: yes
configure:9448: checking for an ANSI C-conforming const
configure:9513: arm-uclinuxeabi-gcc -c -I. -I/usr/local/minigui/cross/arm/cortex-m3/include -mcpu=cortex-m3 -mthumb  conftest.c >&5
configure:9513: $? = 0
configure:9520: result: yes
configure:9528: checking for inline
configure:9544: arm-uclinuxeabi-gcc -c -I. -I/usr/local/minigui/cross/arm/cortex-m3/include -mcpu=cortex-m3 -mthumb  conftest.c >&5
configure:9544: $? = 0
configure:9552: result: inline
configure:9570: checking for pid_t
configure:9570: arm-uclinuxeabi-gcc -c -I. -I/usr/local/minigui/cross/arm/cortex-m3/include -mcpu=cortex-m3 -mthumb  conftest.c >&5
configure:9570: $? = 0
configure:9570: arm-uclinuxeabi-gcc -c -I. -I/usr/local/minigui/cross/arm/cortex-m3/include -mcpu=cortex-m3 -mthumb  conftest.c >&5
conftest.c: In function 'main':
conftest.c:73: error: expected expression before ')' token
configure:9570: $? = 1
configure: failed program was:
| /* confdefs.h */
| #define PACKAGE_NAME "libmgplus"
| #define PACKAGE_TARNAME "libmgplus"
| #define PACKAGE_VERSION "1.2.4"
| #define PACKAGE_STRING "libmgplus 1.2.4"
| #define PACKAGE_BUGREPORT ""
| #define PACKAGE_URL ""
| #define MGPLUS_MAJOR_VERSION 1
| #define MGPLUS_MINOR_VERSION 2
| #define MGPLUS_MICRO_VERSION 4
| #define MGPLUS_INTERFACE_AGE 0
| #define MGPLUS_BINARY_AGE 0
| #define STDC_HEADERS 1
| #define HAVE_SYS_TYPES_H 1
| #define HAVE_SYS_STAT_H 1
| #define HAVE_STDLIB_H 1
| #define HAVE_STRING_H 1
| #define HAVE_MEMORY_H 1
| #define HAVE_STRINGS_H 1
| #define HAVE_INTTYPES_H 1
| #define HAVE_STDINT_H 1
| #define HAVE_UNISTD_H 1
| #define HAVE_DIRENT_H 1
| #define STDC_HEADERS 1
| #define HAVE_SYS_WAIT_H 1
| #define HAVE_FCNTL_H 1
| #define HAVE_STDLIB_H 1
| #define HAVE_STRING_H 1
| #define HAVE_SYS_IOCTL_H 1
| #define HAVE_SYS_TIME_H 1
| #define HAVE_TERMIO_H 1
| #define HAVE_TERMIOS_H 1
| #define HAVE_UNISTD_H 1
| #define HAVE__BOOL 1
| #define HAVE_STDBOOL_H 1
| /* end confdefs.h.  */
| #include <stdio.h>
| #ifdef HAVE_SYS_TYPES_H
| # include <sys/types.h>
| #endif
| #ifdef HAVE_SYS_STAT_H
| # include <sys/stat.h>
| #endif
| #ifdef STDC_HEADERS
| # include <stdlib.h>
| # include <stddef.h>
| #else
| # ifdef HAVE_STDLIB_H
| #  include <stdlib.h>
| # endif
| #endif
| #ifdef HAVE_STRING_H
| # if !defined STDC_HEADERS && defined HAVE_MEMORY_H
| #  include <memory.h>
| # endif
| # include <string.h>
| #endif
| #ifdef HAVE_STRINGS_H
| # include <strings.h>
| #endif
| #ifdef HAVE_INTTYPES_H
| # include <inttypes.h>
| #endif
| #ifdef HAVE_STDINT_H
| # include <stdint.h>
| #endif
| #ifdef HAVE_UNISTD_H
| # include <unistd.h>
| #endif
| int
| main ()
| {
| if (sizeof ((pid_t)))
| 	    return 0;
|   ;
|   return 0;
| }
configure:9570: result: yes
configure:9581: checking whether struct tm is in sys/time.h or time.h
configure:9601: arm-uclinuxeabi-gcc -c -I. -I/usr/local/minigui/cross/arm/cortex-m3/include -mcpu=cortex-m3 -mthumb  conftest.c >&5
configure:9601: $? = 0
configure:9608: result: time.h
configure:9618: checking whether closedir returns void
configure:9652: result: yes
configure:9662: checking vfork.h usability
configure:9662: arm-uclinuxeabi-gcc -c -I. -I/usr/local/minigui/cross/arm/cortex-m3/include -mcpu=cortex-m3 -mthumb  conftest.c >&5
conftest.c:71: fatal error: vfork.h: No such file or directory
compilation terminated.
configure:9662: $? = 1
configure: failed program was:
| /* confdefs.h */
| #define PACKAGE_NAME "libmgplus"
| #define PACKAGE_TARNAME "libmgplus"
| #define PACKAGE_VERSION "1.2.4"
| #define PACKAGE_STRING "libmgplus 1.2.4"
| #define PACKAGE_BUGREPORT ""
| #define PACKAGE_URL ""
| #define MGPLUS_MAJOR_VERSION 1
| #define MGPLUS_MINOR_VERSION 2
| #define MGPLUS_MICRO_VERSION 4
| #define MGPLUS_INTERFACE_AGE 0
| #define MGPLUS_BINARY_AGE 0
| #define STDC_HEADERS 1
| #define HAVE_SYS_TYPES_H 1
| #define HAVE_SYS_STAT_H 1
| #define HAVE_STDLIB_H 1
| #define HAVE_STRING_H 1
| #define HAVE_MEMORY_H 1
| #define HAVE_STRINGS_H 1
| #define HAVE_INTTYPES_H 1
| #define HAVE_STDINT_H 1
| #define HAVE_UNISTD_H 1
| #define HAVE_DIRENT_H 1
| #define STDC_HEADERS 1
| #define HAVE_SYS_WAIT_H 1
| #define HAVE_FCNTL_H 1
| #define HAVE_STDLIB_H 1
| #define HAVE_STRING_H 1
| #define HAVE_SYS_IOCTL_H 1
| #define HAVE_SYS_TIME_H 1
| #define HAVE_TERMIO_H 1
| #define HAVE_TERMIOS_H 1
| #define HAVE_UNISTD_H 1
| #define HAVE__BOOL 1
| #define HAVE_STDBOOL_H 1
| #define CLOSEDIR_VOID 1
| /* end confdefs.h.  */
| #include <stdio.h>
| #ifdef HAVE_SYS_TYPES_H
| # include <sys/types.h>
| #endif
| #ifdef HAVE_SYS_STAT_H
| # include <sys/stat.h>
| #endif
| #ifdef STDC_HEADERS
| # include <stdlib.h>
| # include <stddef.h>
| #else
| # ifdef HAVE_STDLIB_H
| #  include <stdlib.h>
| # endif
| #endif
| #ifdef HAVE_STRING_H
| # if !defined STDC_HEADERS && defined HAVE_MEMORY_H
| #  include <memory.h>
| # endif
| # include <string.h>
| #endif
| #ifdef HAVE_STRINGS_H
| # include <strings.h>
| #endif
| #ifdef HAVE_INTTYPES_H
| # include <inttypes.h>
| #endif
| #ifdef HAVE_STDINT_H
| # include <stdint.h>
| #endif
| #ifdef HAVE_UNISTD_H
| # include <unistd.h>
| #endif
| #include <vfork.h>
configure:9662: result: no
configure:9662: checking vfork.h presence
configure:9662: arm-uclinuxeabi-cpp  conftest.c
conftest.c:38: fatal error: vfork.h: No such file or directory
compilation terminated.
configure:9662: $? = 1
configure: failed program was:
| /* confdefs.h */
| #define PACKAGE_NAME "libmgplus"
| #define PACKAGE_TARNAME "libmgplus"
| #define PACKAGE_VERSION "1.2.4"
| #define PACKAGE_STRING "libmgplus 1.2.4"
| #define PACKAGE_BUGREPORT ""
| #define PACKAGE_URL ""
| #define MGPLUS_MAJOR_VERSION 1
| #define MGPLUS_MINOR_VERSION 2
| #define MGPLUS_MICRO_VERSION 4
| #define MGPLUS_INTERFACE_AGE 0
| #define MGPLUS_BINARY_AGE 0
| #define STDC_HEADERS 1
| #define HAVE_SYS_TYPES_H 1
| #define HAVE_SYS_STAT_H 1
| #define HAVE_STDLIB_H 1
| #define HAVE_STRING_H 1
| #define HAVE_MEMORY_H 1
| #define HAVE_STRINGS_H 1
| #define HAVE_INTTYPES_H 1
| #define HAVE_STDINT_H 1
| #define HAVE_UNISTD_H 1
| #define HAVE_DIRENT_H 1
| #define STDC_HEADERS 1
| #define HAVE_SYS_WAIT_H 1
| #define HAVE_FCNTL_H 1
| #define HAVE_STDLIB_H 1
| #define HAVE_STRING_H 1
| #define HAVE_SYS_IOCTL_H 1
| #define HAVE_SYS_TIME_H 1
| #define HAVE_TERMIO_H 1
| #define HAVE_TERMIOS_H 1
| #define HAVE_UNISTD_H 1
| #define HAVE__BOOL 1
| #define HAVE_STDBOOL_H 1
| #define CLOSEDIR_VOID 1
| /* end confdefs.h.  */
| #include <vfork.h>
configure:9662: result: no
configure:9662: checking for vfork.h
configure:9662: result: no
configure:9675: checking for fork
configure:9675: arm-uclinuxeabi-gcc -o conftest -I. -I/usr/local/minigui/cross/arm/cortex-m3/include -mcpu=cortex-m3 -mthumb  -mcpu=cortex-m3 -mthumb -L/usr/local/minigui/cross/arm/cortex-m3/lib conftest.c  >&5
conftest.c:61: warning: conflicting types for built-in function 'fork'
/tmp/ccgfUruo.o: In function `main':
conftest.c:(.text+0x4): undefined reference to `fork'
collect2: ld returned 1 exit status
configure:9675: $? = 1
configure: failed program was:
| /* confdefs.h */
| #define PACKAGE_NAME "libmgplus"
| #define PACKAGE_TARNAME "libmgplus"
| #define PACKAGE_VERSION "1.2.4"
| #define PACKAGE_STRING "libmgplus 1.2.4"
| #define PACKAGE_BUGREPORT ""
| #define PACKAGE_URL ""
| #define MGPLUS_MAJOR_VERSION 1
| #define MGPLUS_MINOR_VERSION 2
| #define MGPLUS_MICRO_VERSION 4
| #define MGPLUS_INTERFACE_AGE 0
| #define MGPLUS_BINARY_AGE 0
| #define STDC_HEADERS 1
| #define HAVE_SYS_TYPES_H 1
| #define HAVE_SYS_STAT_H 1
| #define HAVE_STDLIB_H 1
| #define HAVE_STRING_H 1
| #define HAVE_MEMORY_H 1
| #define HAVE_STRINGS_H 1
| #define HAVE_INTTYPES_H 1
| #define HAVE_STDINT_H 1
| #define HAVE_UNISTD_H 1
| #define HAVE_DIRENT_H 1
| #define STDC_HEADERS 1
| #define HAVE_SYS_WAIT_H 1
| #define HAVE_FCNTL_H 1
| #define HAVE_STDLIB_H 1
| #define HAVE_STRING_H 1
| #define HAVE_SYS_IOCTL_H 1
| #define HAVE_SYS_TIME_H 1
| #define HAVE_TERMIO_H 1
| #define HAVE_TERMIOS_H 1
| #define HAVE_UNISTD_H 1
| #define HAVE__BOOL 1
| #define HAVE_STDBOOL_H 1
| #define CLOSEDIR_VOID 1
| /* end confdefs.h.  */
| /* Define fork to an innocuous variant, in case <limits.h> declares fork.
|    For example, HP-UX 11i <limits.h> declares gettimeofday.  */
| #define fork innocuous_fork
| 
| /* System header to define __stub macros and hopefully few prototypes,
|     which can conflict with char fork (); below.
|     Prefer <limits.h> to <assert.h> if __STDC__ is defined, since
|     <limits.h> exists even on freestanding compilers.  */
| 
| #ifdef __STDC__
| # include <limits.h>
| #else
| # include <assert.h>
| #endif
| 
| #undef fork
| 
| /* Override any GCC internal prototype to avoid an error.
|    Use char because int might match the return type of a GCC
|    builtin and then its argument prototype would still apply.  */
| #ifdef __cplusplus
| extern "C"
| #endif
| char fork ();
| /* The GNU C library defines this for functions which it implements
|     to always fail with ENOSYS.  Some functions are actually named
|     something starting with __ and the normal name is an alias.  */
| #if defined __stub_fork || defined __stub___fork
| choke me
| #endif
| 
| int
| main ()
| {
| return fork ();
|   ;
|   return 0;
| }
configure:9675: result: no
configure:9675: checking for vfork
configure:9675: arm-uclinuxeabi-gcc -o conftest -I. -I/usr/local/minigui/cross/arm/cortex-m3/include -mcpu=cortex-m3 -mthumb  -mcpu=cortex-m3 -mthumb -L/usr/local/minigui/cross/arm/cortex-m3/lib conftest.c  >&5
configure:9675: $? = 0
configure:9675: result: yes
configure:9738: checking for working vfork
configure:9848: result: yes
configure:9874: checking whether arm-uclinuxeabi-gcc needs -traditional
configure:9908: result: no
configure:9915: checking whether lstat correctly handles trailing slash
configure:9958: result: no
configure:9977: checking whether stat accepts an empty string
configure:10007: result: yes
configure:10025: checking for vprintf
configure:10025: arm-uclinuxeabi-gcc -o conftest -I. -I/usr/local/minigui/cross/arm/cortex-m3/include -mcpu=cortex-m3 -mthumb  -mcpu=cortex-m3 -mthumb -L/usr/local/minigui/cross/arm/cortex-m3/lib conftest.c  >&5
conftest.c:64: warning: conflicting types for built-in function 'vprintf'
configure:10025: $? = 0
configure:10025: result: yes
configure:10031: checking for _doprnt
configure:10031: arm-uclinuxeabi-gcc -o conftest -I. -I/usr/local/minigui/cross/arm/cortex-m3/include -mcpu=cortex-m3 -mthumb  -mcpu=cortex-m3 -mthumb -L/usr/local/minigui/cross/arm/cortex-m3/lib conftest.c  >&5
/tmp/ccKgkOjJ.o: In function `main':
conftest.c:(.text+0x4): undefined reference to `_doprnt'
collect2: ld returned 1 exit status
configure:10031: $? = 1
configure: failed program was:
| /* confdefs.h */
| #define PACKAGE_NAME "libmgplus"
| #define PACKAGE_TARNAME "libmgplus"
| #define PACKAGE_VERSION "1.2.4"
| #define PACKAGE_STRING "libmgplus 1.2.4"
| #define PACKAGE_BUGREPORT ""
| #define PACKAGE_URL ""
| #define MGPLUS_MAJOR_VERSION 1
| #define MGPLUS_MINOR_VERSION 2
| #define MGPLUS_MICRO_VERSION 4
| #define MGPLUS_INTERFACE_AGE 0
| #define MGPLUS_BINARY_AGE 0
| #define STDC_HEADERS 1
| #define HAVE_SYS_TYPES_H 1
| #define HAVE_SYS_STAT_H 1
| #define HAVE_STDLIB_H 1
| #define HAVE_STRING_H 1
| #define HAVE_MEMORY_H 1
| #define HAVE_STRINGS_H 1
| #define HAVE_INTTYPES_H 1
| #define HAVE_STDINT_H 1
| #define HAVE_UNISTD_H 1
| #define HAVE_DIRENT_H 1
| #define STDC_HEADERS 1
| #define HAVE_SYS_WAIT_H 1
| #define HAVE_FCNTL_H 1
| #define HAVE_STDLIB_H 1
| #define HAVE_STRING_H 1
| #define HAVE_SYS_IOCTL_H 1
| #define HAVE_SYS_TIME_H 1
| #define HAVE_TERMIO_H 1
| #define HAVE_TERMIOS_H 1
| #define HAVE_UNISTD_H 1
| #define HAVE__BOOL 1
| #define HAVE_STDBOOL_H 1
| #define CLOSEDIR_VOID 1
| #define HAVE_VFORK 1
| #define HAVE_WORKING_VFORK 1
| #define HAVE_STAT_EMPTY_STRING_BUG 1
| #define HAVE_VPRINTF 1
| /* end confdefs.h.  */
| /* Define _doprnt to an innocuous variant, in case <limits.h> declares _doprnt.
|    For example, HP-UX 11i <limits.h> declares gettimeofday.  */
| #define _doprnt innocuous__doprnt
| 
| /* System header to define __stub macros and hopefully few prototypes,
|     which can conflict with char _doprnt (); below.
|     Prefer <limits.h> to <assert.h> if __STDC__ is defined, since
|     <limits.h> exists even on freestanding compilers.  */
| 
| #ifdef __STDC__
| # include <limits.h>
| #else
| # include <assert.h>
| #endif
| 
| #undef _doprnt
| 
| /* Override any GCC internal prototype to avoid an error.
|    Use char because int might match the return type of a GCC
|    builtin and then its argument prototype would still apply.  */
| #ifdef __cplusplus
| extern "C"
| #endif
| char _doprnt ();
| /* The GNU C library defines this for functions which it implements
|     to always fail with ENOSYS.  Some functions are actually named
|     something starting with __ and the normal name is an alias.  */
| #if defined __stub__doprnt || defined __stub____doprnt
| choke me
| #endif
| 
| int
| main ()
| {
| return _doprnt ();
|   ;
|   return 0;
| }
configure:10031: result: no
configure:10045: checking for bzero
configure:10045: arm-uclinuxeabi-gcc -o conftest -I. -I/usr/local/minigui/cross/arm/cortex-m3/include -mcpu=cortex-m3 -mthumb  -mcpu=cortex-m3 -mthumb -L/usr/local/minigui/cross/arm/cortex-m3/lib conftest.c  >&5
conftest.c:65: warning: conflicting types for built-in function 'bzero'
configure:10045: $? = 0
configure:10045: result: yes
configure:10045: checking for dup2
configure:10045: arm-uclinuxeabi-gcc -o conftest -I. -I/usr/local/minigui/cross/arm/cortex-m3/include -mcpu=cortex-m3 -mthumb  -mcpu=cortex-m3 -mthumb -L/usr/local/minigui/cross/arm/cortex-m3/lib conftest.c  >&5
configure:10045: $? = 0
configure:10045: result: yes
configure:10045: checking for getcwd
configure:10045: arm-uclinuxeabi-gcc -o conftest -I. -I/usr/local/minigui/cross/arm/cortex-m3/include -mcpu=cortex-m3 -mthumb  -mcpu=cortex-m3 -mthumb -L/usr/local/minigui/cross/arm/cortex-m3/lib conftest.c  >&5
configure:10045: $? = 0
configure:10045: result: yes
configure:10045: checking for memmove
configure:10045: arm-uclinuxeabi-gcc -o conftest -I. -I/usr/local/minigui/cross/arm/cortex-m3/include -mcpu=cortex-m3 -mthumb  -mcpu=cortex-m3 -mthumb -L/usr/local/minigui/cross/arm/cortex-m3/lib conftest.c  >&5
conftest.c:68: warning: conflicting types for built-in function 'memmove'
configure:10045: $? = 0
configure:10045: result: yes
configure:10045: checking for memset
configure:10045: arm-uclinuxeabi-gcc -o conftest -I. -I/usr/local/minigui/cross/arm/cortex-m3/include -mcpu=cortex-m3 -mthumb  -mcpu=cortex-m3 -mthumb -L/usr/local/minigui/cross/arm/cortex-m3/lib conftest.c  >&5
conftest.c:69: warning: conflicting types for built-in function 'memset'
configure:10045: $? = 0
configure:10045: result: yes
configure:10045: checking for putenv
configure:10045: arm-uclinuxeabi-gcc -o conftest -I. -I/usr/local/minigui/cross/arm/cortex-m3/include -mcpu=cortex-m3 -mthumb  -mcpu=cortex-m3 -mthumb -L/usr/local/minigui/cross/arm/cortex-m3/lib conftest.c  >&5
configure:10045: $? = 0
configure:10045: result: yes
configure:10045: checking for strchr
configure:10045: arm-uclinuxeabi-gcc -o conftest -I. -I/usr/local/minigui/cross/arm/cortex-m3/include -mcpu=cortex-m3 -mthumb  -mcpu=cortex-m3 -mthumb -L/usr/local/minigui/cross/arm/cortex-m3/lib conftest.c  >&5
conftest.c:71: warning: conflicting types for built-in function 'strchr'
configure:10045: $? = 0
configure:10045: result: yes
configure:10045: checking for strdup
configure:10045: arm-uclinuxeabi-gcc -o conftest -I. -I/usr/local/minigui/cross/arm/cortex-m3/include -mcpu=cortex-m3 -mthumb  -mcpu=cortex-m3 -mthumb -L/usr/local/minigui/cross/arm/cortex-m3/lib conftest.c  >&5
conftest.c:72: warning: conflicting types for built-in function 'strdup'
configure:10045: $? = 0
configure:10045: result: yes
configure:10045: checking for strerror
configure:10045: arm-uclinuxeabi-gcc -o conftest -I. -I/usr/local/minigui/cross/arm/cortex-m3/include -mcpu=cortex-m3 -mthumb  -mcpu=cortex-m3 -mthumb -L/usr/local/minigui/cross/arm/cortex-m3/lib conftest.c  >&5
configure:10045: $? = 0
configure:10045: result: yes
configure:10045: checking for strstr
configure:10045: arm-uclinuxeabi-gcc -o conftest -I. -I/usr/local/minigui/cross/arm/cortex-m3/include -mcpu=cortex-m3 -mthumb  -mcpu=cortex-m3 -mthumb -L/usr/local/minigui/cross/arm/cortex-m3/lib conftest.c  >&5
conftest.c:74: warning: conflicting types for built-in function 'strstr'
configure:10045: $? = 0
configure:10045: result: yes
configure:10058: checking minigui/common.h usability
configure:10058: arm-uclinuxeabi-gcc -c -I. -I/usr/local/minigui/cross/arm/cortex-m3/include -mcpu=cortex-m3 -mthumb  conftest.c >&5
In file included from /usr/local/minigui/cross/arm/cortex-m3/include/minigui/common.h:59,
                 from conftest.c:85:
/usr/local/minigui/cross/arm/cortex-m3/include/minigui/mgconfig.h:140: warning: "PACKAGE_NAME" redefined
conftest.c:2: note: this is the location of the previous definition
/usr/local/minigui/cross/arm/cortex-m3/include/minigui/mgconfig.h:143: warning: "PACKAGE_STRING" redefined
conftest.c:5: note: this is the location of the previous definition
/usr/local/minigui/cross/arm/cortex-m3/include/minigui/mgconfig.h:146: warning: "PACKAGE_TARNAME" redefined
conftest.c:3: note: this is the location of the previous definition
/usr/local/minigui/cross/arm/cortex-m3/include/minigui/mgconfig.h:152: warning: "PACKAGE_VERSION" redefined
conftest.c:4: note: this is the location of the previous definition
configure:10058: $? = 0
configure:10058: result: yes
configure:10058: checking minigui/common.h presence
configure:10058: arm-uclinuxeabi-cpp  conftest.c
conftest.c:52: fatal error: minigui/common.h: No such file or directory
compilation terminated.
configure:10058: $? = 1
configure: failed program was:
| /* confdefs.h */
| #define PACKAGE_NAME "libmgplus"
| #define PACKAGE_TARNAME "libmgplus"
| #define PACKAGE_VERSION "1.2.4"
| #define PACKAGE_STRING "libmgplus 1.2.4"
| #define PACKAGE_BUGREPORT ""
| #define PACKAGE_URL ""
| #define MGPLUS_MAJOR_VERSION 1
| #define MGPLUS_MINOR_VERSION 2
| #define MGPLUS_MICRO_VERSION 4
| #define MGPLUS_INTERFACE_AGE 0
| #define MGPLUS_BINARY_AGE 0
| #define STDC_HEADERS 1
| #define HAVE_SYS_TYPES_H 1
| #define HAVE_SYS_STAT_H 1
| #define HAVE_STDLIB_H 1
| #define HAVE_STRING_H 1
| #define HAVE_MEMORY_H 1
| #define HAVE_STRINGS_H 1
| #define HAVE_INTTYPES_H 1
| #define HAVE_STDINT_H 1
| #define HAVE_UNISTD_H 1
| #define HAVE_DIRENT_H 1
| #define STDC_HEADERS 1
| #define HAVE_SYS_WAIT_H 1
| #define HAVE_FCNTL_H 1
| #define HAVE_STDLIB_H 1
| #define HAVE_STRING_H 1
| #define HAVE_SYS_IOCTL_H 1
| #define HAVE_SYS_TIME_H 1
| #define HAVE_TERMIO_H 1
| #define HAVE_TERMIOS_H 1
| #define HAVE_UNISTD_H 1
| #define HAVE__BOOL 1
| #define HAVE_STDBOOL_H 1
| #define CLOSEDIR_VOID 1
| #define HAVE_VFORK 1
| #define HAVE_WORKING_VFORK 1
| #define HAVE_STAT_EMPTY_STRING_BUG 1
| #define HAVE_VPRINTF 1
| #define HAVE_BZERO 1
| #define HAVE_DUP2 1
| #define HAVE_GETCWD 1
| #define HAVE_MEMMOVE 1
| #define HAVE_MEMSET 1
| #define HAVE_PUTENV 1
| #define HAVE_STRCHR 1
| #define HAVE_STRDUP 1
| #define HAVE_STRERROR 1
| #define HAVE_STRSTR 1
| /* end confdefs.h.  */
| #include <minigui/common.h>
configure:10058: result: no
configure:10058: WARNING: minigui/common.h: accepted by the compiler, rejected by the preprocessor!
configure:10058: WARNING: minigui/common.h: proceeding with the compiler's result
configure:10058: checking for minigui/common.h
configure:10058: result: yes
configure:10333: checking for arm-linux-pkg-config
configure:10366: result: no
configure:10376: checking for pkg-config
configure:10394: found /usr/bin/pkg-config
configure:10406: result: /usr/bin/pkg-config
configure:10431: checking pkg-config is at least version 0.9.0
configure:10434: result: yes
configure:10444: checking for MINIGUI
configure:10451: $PKG_CONFIG --exists --print-errors "minigui >= 3.0.10"
Package minigui was not found in the pkg-config search path.
Perhaps you should add the directory containing `minigui.pc'
to the PKG_CONFIG_PATH environment variable
No package 'minigui' found
configure:10454: $? = 1
configure:10468: $PKG_CONFIG --exists --print-errors "minigui >= 3.0.10"
Package minigui was not found in the pkg-config search path.
Perhaps you should add the directory containing `minigui.pc'
to the PKG_CONFIG_PATH environment variable
No package 'minigui' found
configure:10471: $? = 1
configure:10485: result: no
No package 'minigui' found
configure:10501: error: Package requirements (minigui >= 3.0.10) were not met:

No package 'minigui' found

Consider adjusting the PKG_CONFIG_PATH environment variable if you
installed software in a non-standard prefix.

Alternatively, you may set the environment variables MINIGUI_CFLAGS
and MINIGUI_LIBS to avoid the need to call pkg-config.
See the pkg-config man page for more details.

## ---------------- ##
## Cache variables. ##
## ---------------- ##

ac_cv_build=i686-pc-linux-gnu
ac_cv_c_compiler_gnu=yes
ac_cv_c_const=yes
ac_cv_c_inline=inline
ac_cv_cxx_compiler_gnu=yes
ac_cv_env_CCC_set=
ac_cv_env_CCC_value=
ac_cv_env_CC_set=set
ac_cv_env_CC_value=arm-uclinuxeabi-gcc
ac_cv_env_CFLAGS_set=set
ac_cv_env_CFLAGS_value='-I. -I/usr/local/minigui/cross/arm/cortex-m3/include -mcpu=cortex-m3 -mthumb'
ac_cv_env_CPPFLAGS_set=
ac_cv_env_CPPFLAGS_value=
ac_cv_env_CPP_set=set
ac_cv_env_CPP_value=arm-uclinuxeabi-cpp
ac_cv_env_CXXFLAGS_set=set
ac_cv_env_CXXFLAGS_value='-I. -I/usr/local/minigui/cross/arm/cortex-m3/include -mcpu=cortex-m3 -mthumb'
ac_cv_env_CXX_set=set
ac_cv_env_CXX_value=arm-uclinuxeabi-g++
ac_cv_env_LDFLAGS_set=set
ac_cv_env_LDFLAGS_value='-mcpu=cortex-m3 -mthumb -L/usr/local/minigui/cross/arm/cortex-m3/lib'
ac_cv_env_LIBS_set=
ac_cv_env_LIBS_value=
ac_cv_env_MINIGUI_CFLAGS_set=
ac_cv_env_MINIGUI_CFLAGS_value=
ac_cv_env_MINIGUI_LIBS_set=
ac_cv_env_MINIGUI_LIBS_value=
ac_cv_env_PKG_CONFIG_LIBDIR_set=
ac_cv_env_PKG_CONFIG_LIBDIR_value=
ac_cv_env_PKG_CONFIG_PATH_set=
ac_cv_env_PKG_CONFIG_PATH_value=
ac_cv_env_PKG_CONFIG_set=
ac_cv_env_PKG_CONFIG_value=
ac_cv_env_build_alias_set=set
ac_cv_env_build_alias_value=i686-linux
ac_cv_env_host_alias_set=set
ac_cv_env_host_alias_value=arm-linux
ac_cv_env_target_alias_set=set
ac_cv_env_target_alias_value=arm-linux
ac_cv_func__doprnt=no
ac_cv_func_bzero=yes
ac_cv_func_closedir_void=yes
ac_cv_func_dup2=yes
ac_cv_func_fork=no
ac_cv_func_fork_works=no
ac_cv_func_getcwd=yes
ac_cv_func_lstat_dereferences_slashed_symlink=no
ac_cv_func_memmove=yes
ac_cv_func_memset=yes
ac_cv_func_putenv=yes
ac_cv_func_stat_empty_string_bug=yes
ac_cv_func_strchr=yes
ac_cv_func_strdup=yes
ac_cv_func_strerror=yes
ac_cv_func_strstr=yes
ac_cv_func_vfork=yes
ac_cv_func_vfork_works=yes
ac_cv_func_vprintf=yes
ac_cv_header_dirent_dirent_h=yes
ac_cv_header_dlfcn_h=no
ac_cv_header_fcntl_h=yes
ac_cv_header_inttypes_h=yes
ac_cv_header_memory_h=yes
ac_cv_header_minigui_common_h=yes
ac_cv_header_stdbool_h=yes
ac_cv_header_stdc=yes
ac_cv_header_stdint_h=yes
ac_cv_header_stdlib_h=yes
ac_cv_header_string_h=yes
ac_cv_header_strings_h=yes
ac_cv_header_sys_ioctl_h=yes
ac_cv_header_sys_stat_h=yes
ac_cv_header_sys_time_h=yes
ac_cv_header_sys_types_h=yes
ac_cv_header_sys_wait_h=yes
ac_cv_header_termio_h=yes
ac_cv_header_termios_h=yes
ac_cv_header_unistd_h=yes
ac_cv_header_vfork_h=no
ac_cv_host=arm-unknown-linux-gnu
ac_cv_objext=o
ac_cv_path_EGREP='/bin/grep -E'
ac_cv_path_GREP=/bin/grep
ac_cv_path_ac_pt_PKG_CONFIG=/usr/bin/pkg-config
ac_cv_path_install='/usr/bin/install -c'
ac_cv_path_mkdir=/bin/mkdir
ac_cv_prog_AWK=gawk
ac_cv_prog_CC=arm-uclinuxeabi-gcc
ac_cv_prog_CPP=arm-uclinuxeabi-cpp
ac_cv_prog_RANLIB=ranlib
ac_cv_prog_STRIP=strip
ac_cv_prog_ac_ct_RANLIB=ranlib
ac_cv_prog_ac_ct_STRIP=strip
ac_cv_prog_cc_c89=
ac_cv_prog_cc_g=yes
ac_cv_prog_cxx_g=yes
ac_cv_prog_gcc_traditional=no
ac_cv_prog_make_make_set=yes
ac_cv_search_opendir='none required'
ac_cv_struct_tm=time.h
ac_cv_target=arm-unknown-linux-gnu
ac_cv_type__Bool=yes
ac_cv_type_pid_t=yes
am_cv_CC_dependencies_compiler_type=gcc3
am_cv_CXX_dependencies_compiler_type=gcc3
lt_cv_compiler_c_o=yes
lt_cv_compiler_o_lo=yes
lt_cv_deplibs_check_method='file_magic ELF [0-9][0-9]*-bit [LM]SB (shared object|dynamic lib )'
lt_cv_file_magic_cmd='$MAGIC_CMD'
lt_cv_file_magic_test_file='/lib/libc.so* /lib/libc-*.so'
lt_cv_global_symbol_to_c_name_address='sed -n -e '\''s/^: \([^ ]*\) $/  {\"\1\", (lt_ptr) 0},/p'\'' -e '\''s/^[BCDEGRST] \([^ ]*\) \([^ ]*\)$/  {"\2", (lt_ptr) \&\2},/p'\'''
lt_cv_global_symbol_to_cdecl='sed -n -e '\''s/^. .* \(.*\)$/extern char \1;/p'\'''
lt_cv_ld_reload_flag=-r
lt_cv_path_LD=/home/hujiafu/uclinux/git_uclinux/lpc1788_uclinux/cortexm_uclinux-master/cross_tools/arm-2010q1-uclinux/arm-uclinuxeabi/bin/ld
lt_cv_path_MAGIC_CMD=/usr/bin/file
lt_cv_path_NM=nm
lt_cv_path_SED=/bin/sed
lt_cv_prog_cc_can_build_shared=yes
lt_cv_prog_cc_no_builtin=
lt_cv_prog_cc_pic=' -fPIC'
lt_cv_prog_cc_pic_works=yes
lt_cv_prog_cc_shlib=
lt_cv_prog_cc_static=-static
lt_cv_prog_cc_static_works=yes
lt_cv_prog_cc_wl=-Wl,
lt_cv_prog_gnu_ld=yes
lt_cv_sys_global_symbol_pipe='sed -n -e '\''s/^.*[ 	]\([ABCDGISTW][ABCDGISTW]*\)[ 	][ 	]*\(\)\([_A-Za-z][_A-Za-z0-9]*\)$/\1 \2\3 \3/p'\'''

## ----------------- ##
## Output variables. ##
## ----------------- ##

ACLOCAL='${SHELL} /home/hujiafu/minigui/libmgplus-1.2.4_for_uclinux/libmgplus-1.2.4/missing --run aclocal-1.11'
AMDEPBACKSLASH='\'
AMDEP_FALSE='#'
AMDEP_TRUE=''
AMTAR='$${TAR-tar}'
APP_LIBS=' -lstdc++'
AUTOCONF='${SHELL} /home/hujiafu/minigui/libmgplus-1.2.4_for_uclinux/libmgplus-1.2.4/missing --run autoconf'
AUTOHEADER='${SHELL} /home/hujiafu/minigui/libmgplus-1.2.4_for_uclinux/libmgplus-1.2.4/missing --run autoheader'
AUTOMAKE='${SHELL} /home/hujiafu/minigui/libmgplus-1.2.4_for_uclinux/libmgplus-1.2.4/missing --run automake-1.11'
AWK='gawk'
CC='arm-uclinuxeabi-gcc'
CCDEPMODE='depmode=gcc3'
CFLAGS='-I. -I/usr/local/minigui/cross/arm/cortex-m3/include -mcpu=cortex-m3 -mthumb -D__MGPLUS_LIB__ -Wall -Wstrict-prototypes -pipe'
CPP='arm-uclinuxeabi-cpp'
CPPFLAGS=''
CXX='arm-uclinuxeabi-g++'
CXXDEPMODE='depmode=gcc3'
CXXFLAGS='-I. -I/usr/local/minigui/cross/arm/cortex-m3/include -mcpu=cortex-m3 -mthumb -D__MGPLUS_LIB__'
CYGPATH_W='echo'
DEFS=''
DEPDIR='.deps'
ECHO='echo'
ECHO_C=''
ECHO_N='-n'
ECHO_T=''
EGREP='/bin/grep -E'
EXEEXT=''
GREP='/bin/grep'
INSTALL_DATA='${INSTALL} -m 644'
INSTALL_PROGRAM='${INSTALL}'
INSTALL_SCRIPT='${INSTALL}'
INSTALL_STRIP_PROGRAM='$(install_sh) -c -s'
LDFLAGS='-mcpu=cortex-m3 -mthumb -L/usr/local/minigui/cross/arm/cortex-m3/lib'
LIBOBJS=' lstat.o stat.o'
LIBS=''
LIBTOOL='$(SHELL) $(top_builddir)/libtool'
LIB_SUFFIX=''
LN_S='ln -s'
LTLIBOBJS=''
LT_AGE='0'
LT_CURRENT='4'
LT_RELEASE='1.2.4'
LT_REVISION='0'
MAKEINFO='${SHELL} /home/hujiafu/minigui/libmgplus-1.2.4_for_uclinux/libmgplus-1.2.4/missing --run makeinfo'
MGPLUS_FONT_FT2_FALSE=''
MGPLUS_FONT_FT2_TRUE='#'
MGPLUS_LFRDR_FASHION_FALSE='#'
MGPLUS_LFRDR_FASHION_TRUE=''
MINIGUI_CFLAGS=''
MINIGUI_LIBS=''
MKDIR_P='/bin/mkdir -p'
OBJEXT='o'
PACKAGE='libmgplus'
PACKAGE_BUGREPORT=''
PACKAGE_NAME='libmgplus'
PACKAGE_STRING='libmgplus 1.2.4'
PACKAGE_TARNAME='libmgplus'
PACKAGE_URL=''
PACKAGE_VERSION='1.2.4'
PATH_SEPARATOR=':'
PKG_CONFIG='/usr/bin/pkg-config'
PKG_CONFIG_LIBDIR=''
PKG_CONFIG_PATH=''
RANLIB='ranlib'
SET_MAKE=''
SHELL='/bin/bash'
STRIP='strip'
VERSION='1.2.4'
ac_ct_CC=''
ac_ct_CXX=''
am__EXEEXT_FALSE=''
am__EXEEXT_TRUE=''
am__fastdepCC_FALSE='#'
am__fastdepCC_TRUE=''
am__fastdepCXX_FALSE='#'
am__fastdepCXX_TRUE=''
am__include='include'
am__isrc=''
am__leading_dot='.'
am__nodep='_no'
am__quote=''
am__tar='$${TAR-tar} chof - "$$tardir"'
am__untar='$${TAR-tar} xf -'
bindir='${exec_prefix}/bin'
build='i686-pc-linux-gnu'
build_alias='i686-linux'
build_cpu='i686'
build_os='linux-gnu'
build_vendor='pc'
datadir='${datarootdir}'
datarootdir='${prefix}/share'
docdir='${datarootdir}/doc/${PACKAGE_TARNAME}'
dvidir='${docdir}'
exec_prefix='NONE'
host='arm-unknown-linux-gnu'
host_alias='arm-linux'
host_cpu='arm'
host_os='linux-gnu'
host_vendor='unknown'
htmldir='${docdir}'
includedir='${prefix}/include'
infodir='${datarootdir}/info'
install_sh='${SHELL} /home/hujiafu/minigui/libmgplus-1.2.4_for_uclinux/libmgplus-1.2.4/install-sh'
libdir='${exec_prefix}/lib'
libexecdir='${exec_prefix}/libexec'
localedir='${datarootdir}/locale'
localstatedir='${prefix}/var'
mGPlus_BINARY_AGE='0'
mGPlus_INTERFACE_AGE='0'
mGPlus_MAJOR_VERSION='1'
mGPlus_MICRO_VERSION='4'
mGPlus_MINOR_VERSION='2'
mGPlus_VERSION='1.2.4'
mandir='${datarootdir}/man'
mkdir_p='/bin/mkdir -p'
oldincludedir='/usr/include'
pdfdir='${docdir}'
prefix='/usr/local/minigui/cross/arm/cortex-m3'
program_transform_name='s&^&arm-linux-&'
psdir='${docdir}'
sbindir='${exec_prefix}/sbin'
sharedstatedir='${prefix}/com'
sysconfdir='${prefix}/etc'
target='arm-unknown-linux-gnu'
target_alias='arm-linux'
target_cpu='arm'
target_os='linux-gnu'
target_vendor='unknown'

## ----------- ##
## confdefs.h. ##
## ----------- ##

/* confdefs.h */
#define PACKAGE_NAME "libmgplus"
#define PACKAGE_TARNAME "libmgplus"
#define PACKAGE_VERSION "1.2.4"
#define PACKAGE_STRING "libmgplus 1.2.4"
#define PACKAGE_BUGREPORT ""
#define PACKAGE_URL ""
#define MGPLUS_MAJOR_VERSION 1
#define MGPLUS_MINOR_VERSION 2
#define MGPLUS_MICRO_VERSION 4
#define MGPLUS_INTERFACE_AGE 0
#define MGPLUS_BINARY_AGE 0
#define STDC_HEADERS 1
#define HAVE_SYS_TYPES_H 1
#define HAVE_SYS_STAT_H 1
#define HAVE_STDLIB_H 1
#define HAVE_STRING_H 1
#define HAVE_MEMORY_H 1
#define HAVE_STRINGS_H 1
#define HAVE_INTTYPES_H 1
#define HAVE_STDINT_H 1
#define HAVE_UNISTD_H 1
#define HAVE_DIRENT_H 1
#define STDC_HEADERS 1
#define HAVE_SYS_WAIT_H 1
#define HAVE_FCNTL_H 1
#define HAVE_STDLIB_H 1
#define HAVE_STRING_H 1
#define HAVE_SYS_IOCTL_H 1
#define HAVE_SYS_TIME_H 1
#define HAVE_TERMIO_H 1
#define HAVE_TERMIOS_H 1
#define HAVE_UNISTD_H 1
#define HAVE__BOOL 1
#define HAVE_STDBOOL_H 1
#define CLOSEDIR_VOID 1
#define HAVE_VFORK 1
#define HAVE_WORKING_VFORK 1
#define HAVE_STAT_EMPTY_STRING_BUG 1
#define HAVE_VPRINTF 1
#define HAVE_BZERO 1
#define HAVE_DUP2 1
#define HAVE_GETCWD 1
#define HAVE_MEMMOVE 1
#define HAVE_MEMSET 1
#define HAVE_PUTENV 1
#define HAVE_STRCHR 1
#define HAVE_STRDUP 1
#define HAVE_STRERROR 1
#define HAVE_STRSTR 1
#define HAVE_MINIGUI_COMMON_H 1
#define _MGPLUS_LFRDR_FASHION 1
#define _MGPLUS_COLORCOMPOSITE 1
#define _MGPLUS_GRADIENTFILL 1
#define _MGPLUS_PIXFMT_RGBA32 1
#define _MGPLUS_PIXFMT_ABGR32 1
#define _MGPLUS_PIXFMT_BGRA32 1
#define _MGPLUS_PIXFMT_BGR24 1
#define _MGPLUS_PIXFMT_RGB24 1
#define _MGPLUS_PIXFMT_RGB555 1
#define _MGPLUS_PIXFMT_RGB565 1

configure: exit 1
